Success (9):
content 35303 _a-0000de01-e92b-8000-9ccd-01ef9001ef90_41851 "Test1Folder"
content 35305 _a-0000de01-ed04-8000-9ccd-01ef9001ef90_41853 "TestRule"
content 35306 _a-0000de01-ed04-8000-9ccd-01ef9001ef90_41854 "Test1"
content 51767 _a-0000de01-ef91-8000-9ccd-01ef9001ef90_41855 "Test1Addition"
content 51768 _a-0000de01-ef91-8000-9ccd-01ef9001ef90_41871 "contcat"
content 51769 _a-0000de2e-ccd6-8000-9ccd-01ef9001ef90_60933 "TestInterfaceforAddValue"
processModelFolder 71 _g-0001de01-e92c-8000-9ccd-014d98014d98_73 "ProcessFolder"
processModel 4180 0002de01-f0be-8000-9ccd-014d98014d98 "testProcess"
application 35302 _a-0000de01-e92b-8000-9ccd-01ef9001ef90_41850 "Test1"

Referenced precedents that were not exported (1):
user RinkuS RinkuS

Trace:
2017-01-23 11:50:51.718 DEBUG application 35302 _a-0000de01-e92b-8000-9ccd-01ef9001ef90_41850 Begin transport.
2017-01-23 11:50:51.718 DEBUG application 35302 _a-0000de01-e92b-8000-9ccd-01ef9001ef90_41850 Retrieving object data.
2017-01-23 11:50:51.721 DEBUG application 35302 _a-0000de01-e92b-8000-9ccd-01ef9001ef90_41850 App associated objects: [content=[_a-0000de01-e92b-8000-9ccd-01ef9001ef90_41851, _a-0000de01-ed04-8000-9ccd-01ef9001ef90_41853, _a-0000de01-ed04-8000-9ccd-01ef9001ef90_41854, _a-0000de01-ef91-8000-9ccd-01ef9001ef90_41855, _a-0000de01-ef91-8000-9ccd-01ef9001ef90_41871, _a-0000de2e-ccd6-8000-9ccd-01ef9001ef90_60933],processModelFolder=[_g-0001de01-e92c-8000-9ccd-014d98014d98_73],processModel=[0002de01-f0be-8000-9ccd-014d98014d98]]
2017-01-23 11:50:51.725 DEBUG application 35302 _a-0000de01-e92b-8000-9ccd-01ef9001ef90_41850 Invalid associated objects: []
2017-01-23 11:50:51.725 DEBUG application 35302 _a-0000de01-e92b-8000-9ccd-01ef9001ef90_41850 Adding valid associated objects to be exported: GlobalBindingMap[content={_a-0000de01-e92b-8000-9ccd-01ef9001ef90_41851=35303, _a-0000de01-ed04-8000-9ccd-01ef9001ef90_41853=35305, _a-0000de01-ed04-8000-9ccd-01ef9001ef90_41854=35306, _a-0000de01-ef91-8000-9ccd-01ef9001ef90_41855=51767, _a-0000de01-ef91-8000-9ccd-01ef9001ef90_41871=51768, _a-0000de2e-ccd6-8000-9ccd-01ef9001ef90_60933=51769},processModelFolder={_g-0001de01-e92c-8000-9ccd-014d98014d98_73=71},processModel={0002de01-f0be-8000-9ccd-014d98014d98=4180}]
2017-01-23 11:50:51.726 DEBUG application 35302 _a-0000de01-e92b-8000-9ccd-01ef9001ef90_41850 Setting uuids of object references.
2017-01-23 11:50:51.726 DEBUG application 35302 _a-0000de01-e92b-8000-9ccd-01ef9001ef90_41850 Processing reference: Application.forum
2017-01-23 11:50:51.727 DEBUG application 35302 _a-0000de01-e92b-8000-9ccd-01ef9001ef90_41850 Processing reference: Application.parent
2017-01-23 11:50:51.728 DEBUG application 35302 _a-0000de01-e92b-8000-9ccd-01ef9001ef90_41850 Processing reference: com.appiancorp.suiteapi.content.ContentRoleMap@5d6e6f68[
  ContentRole[name=readers,inherit=false,allowForAll=false]
  ContentRole[name=authors,inherit=false,allowForAll=false]
  ContentRole[name=administrators,usernames=[RinkuS],inherit=false,allowForAll=false]
  ContentRole[name=denyReaders,inherit=false,allowForAll=false]
  ContentRole[name=denyAuthors,inherit=false,allowForAll=false]
  ContentRole[name=denyAdministrators,inherit=false,allowForAll=false]
  securityVector=129:SEC_PUBLIC=true,SEC_CREATOR_ADMIN=true,SEC_INH_ADMIN=false,SEC_INH_EDITOR=false,SEC_INH_VIEWER=false,SEC_ALL_ADMIN=false,SEC_ALL_EDITOR=false,SEC_ALL_VIEWER=false
]
2017-01-23 11:50:51.729 DEBUG application 35302 _a-0000de01-e92b-8000-9ccd-01ef9001ef90_41850 Processing reference: ContentRole[name=readers,inherit=false,allowForAll=false]
2017-01-23 11:50:51.729 DEBUG application 35302 _a-0000de01-e92b-8000-9ccd-01ef9001ef90_41850 Processing reference: ContentRole[name=authors,inherit=false,allowForAll=false]
2017-01-23 11:50:51.729 DEBUG application 35302 _a-0000de01-e92b-8000-9ccd-01ef9001ef90_41850 Processing reference: ContentRole[name=administrators,usernames=[RinkuS],inherit=false,allowForAll=false]
2017-01-23 11:50:51.73 DEBUG application 35302 _a-0000de01-e92b-8000-9ccd-01ef9001ef90_41850 Processing reference: ContentRole[name=denyReaders,inherit=false,allowForAll=false]
2017-01-23 11:50:51.73 DEBUG application 35302 _a-0000de01-e92b-8000-9ccd-01ef9001ef90_41850 Processing reference: ContentRole[name=denyAuthors,inherit=false,allowForAll=false]
2017-01-23 11:50:51.73 DEBUG application 35302 _a-0000de01-e92b-8000-9ccd-01ef9001ef90_41850 Processing reference: ContentRole[name=denyAdministrators,inherit=false,allowForAll=false]
2017-01-23 11:50:51.731 DEBUG content 35303 _a-0000de01-e92b-8000-9ccd-01ef9001ef90_41851 Begin transport.
2017-01-23 11:50:51.731 DEBUG content 35303 _a-0000de01-e92b-8000-9ccd-01ef9001ef90_41851 Retrieving object data.
2017-01-23 11:50:51.737 DEBUG content 35303 _a-0000de01-e92b-8000-9ccd-01ef9001ef90_41851 Setting uuids of object references.
2017-01-23 11:50:51.737 DEBUG content 35303 _a-0000de01-e92b-8000-9ccd-01ef9001ef90_41851 Processing reference: RulesFolder.forum
2017-01-23 11:50:51.738 DEBUG content 35303 _a-0000de01-e92b-8000-9ccd-01ef9001ef90_41851 Processing reference: RulesFolder.parent
2017-01-23 11:50:51.739 DEBUG content 35303 _a-0000de01-e92b-8000-9ccd-01ef9001ef90_41851 Processing reference: com.appiancorp.suiteapi.content.ContentRoleMap@147dba53[
  ContentRole[name=readers,inherit=true,allowForAll=false]
  ContentRole[name=authors,inherit=true,allowForAll=false]
  ContentRole[name=administrators,inherit=true,allowForAll=false]
  ContentRole[name=denyReaders,inherit=false,allowForAll=false]
  ContentRole[name=denyAuthors,inherit=false,allowForAll=false]
  ContentRole[name=denyAdministrators,inherit=false,allowForAll=false]
  securityVector=15:SEC_PUBLIC=true,SEC_CREATOR_ADMIN=false,SEC_INH_ADMIN=true,SEC_INH_EDITOR=true,SEC_INH_VIEWER=true,SEC_ALL_ADMIN=false,SEC_ALL_EDITOR=false,SEC_ALL_VIEWER=false
]
2017-01-23 11:50:51.739 DEBUG content 35303 _a-0000de01-e92b-8000-9ccd-01ef9001ef90_41851 Processing reference: ContentRole[name=readers,inherit=true,allowForAll=false]
2017-01-23 11:50:51.739 DEBUG content 35303 _a-0000de01-e92b-8000-9ccd-01ef9001ef90_41851 Processing reference: ContentRole[name=authors,inherit=true,allowForAll=false]
2017-01-23 11:50:51.739 DEBUG content 35303 _a-0000de01-e92b-8000-9ccd-01ef9001ef90_41851 Processing reference: ContentRole[name=administrators,inherit=true,allowForAll=false]
2017-01-23 11:50:51.739 DEBUG content 35303 _a-0000de01-e92b-8000-9ccd-01ef9001ef90_41851 Processing reference: ContentRole[name=denyReaders,inherit=false,allowForAll=false]
2017-01-23 11:50:51.74 DEBUG content 35303 _a-0000de01-e92b-8000-9ccd-01ef9001ef90_41851 Processing reference: ContentRole[name=denyAuthors,inherit=false,allowForAll=false]
2017-01-23 11:50:51.74 DEBUG content 35303 _a-0000de01-e92b-8000-9ccd-01ef9001ef90_41851 Processing reference: ContentRole[name=denyAdministrators,inherit=false,allowForAll=false]
2017-01-23 11:50:51.74 DEBUG content 35303 _a-0000de01-e92b-8000-9ccd-01ef9001ef90_41851 Exporting binary resources.
2017-01-23 11:50:51.74 DEBUG content 35303 _a-0000de01-e92b-8000-9ccd-01ef9001ef90_41851 Serializing object to XML.
2017-01-23 11:50:52.067 DEBUG content 35303 _a-0000de01-e92b-8000-9ccd-01ef9001ef90_41851 Object transported.
2017-01-23 11:50:52.067 DEBUG content 35305 _a-0000de01-ed04-8000-9ccd-01ef9001ef90_41853 Begin transport.
2017-01-23 11:50:52.067 DEBUG content 35305 _a-0000de01-ed04-8000-9ccd-01ef9001ef90_41853 Retrieving object data.
2017-01-23 11:50:52.075 DEBUG content 35305 _a-0000de01-ed04-8000-9ccd-01ef9001ef90_41853 Setting uuids of object references.
2017-01-23 11:50:52.075 DEBUG content 35305 _a-0000de01-ed04-8000-9ccd-01ef9001ef90_41853 Processing reference: RulesFolder.forum
2017-01-23 11:50:52.076 DEBUG content 35305 _a-0000de01-ed04-8000-9ccd-01ef9001ef90_41853 Processing reference: RulesFolder.parent
2017-01-23 11:50:52.079 DEBUG content 35305 _a-0000de01-ed04-8000-9ccd-01ef9001ef90_41853 Processing reference: com.appiancorp.suiteapi.content.ContentRoleMap@1fe15f84[
  ContentRole[name=readers,inherit=true,allowForAll=false]
  ContentRole[name=authors,inherit=true,allowForAll=false]
  ContentRole[name=administrators,inherit=true,allowForAll=false]
  ContentRole[name=denyReaders,inherit=false,allowForAll=false]
  ContentRole[name=denyAuthors,inherit=false,allowForAll=false]
  ContentRole[name=denyAdministrators,inherit=false,allowForAll=false]
  securityVector=15:SEC_PUBLIC=true,SEC_CREATOR_ADMIN=false,SEC_INH_ADMIN=true,SEC_INH_EDITOR=true,SEC_INH_VIEWER=true,SEC_ALL_ADMIN=false,SEC_ALL_EDITOR=false,SEC_ALL_VIEWER=false
]
2017-01-23 11:50:52.079 DEBUG content 35305 _a-0000de01-ed04-8000-9ccd-01ef9001ef90_41853 Processing reference: ContentRole[name=readers,inherit=true,allowForAll=false]
2017-01-23 11:50:52.079 DEBUG content 35305 _a-0000de01-ed04-8000-9ccd-01ef9001ef90_41853 Processing reference: ContentRole[name=authors,inherit=true,allowForAll=false]
2017-01-23 11:50:52.079 DEBUG content 35305 _a-0000de01-ed04-8000-9ccd-01ef9001ef90_41853 Processing reference: ContentRole[name=administrators,inherit=true,allowForAll=false]
2017-01-23 11:50:52.079 DEBUG content 35305 _a-0000de01-ed04-8000-9ccd-01ef9001ef90_41853 Processing reference: ContentRole[name=denyReaders,inherit=false,allowForAll=false]
2017-01-23 11:50:52.079 DEBUG content 35305 _a-0000de01-ed04-8000-9ccd-01ef9001ef90_41853 Processing reference: ContentRole[name=denyAuthors,inherit=false,allowForAll=false]
2017-01-23 11:50:52.079 DEBUG content 35305 _a-0000de01-ed04-8000-9ccd-01ef9001ef90_41853 Processing reference: ContentRole[name=denyAdministrators,inherit=false,allowForAll=false]
2017-01-23 11:50:52.079 DEBUG content 35305 _a-0000de01-ed04-8000-9ccd-01ef9001ef90_41853 Exporting binary resources.
2017-01-23 11:50:52.079 DEBUG content 35305 _a-0000de01-ed04-8000-9ccd-01ef9001ef90_41853 Serializing object to XML.
2017-01-23 11:50:52.08 DEBUG content 35305 _a-0000de01-ed04-8000-9ccd-01ef9001ef90_41853 Object transported.
2017-01-23 11:50:52.08 DEBUG content 35306 _a-0000de01-ed04-8000-9ccd-01ef9001ef90_41854 Begin transport.
2017-01-23 11:50:52.081 DEBUG content 35306 _a-0000de01-ed04-8000-9ccd-01ef9001ef90_41854 Retrieving object data.
2017-01-23 11:50:52.088 DEBUG content 35306 _a-0000de01-ed04-8000-9ccd-01ef9001ef90_41854 Setting uuids of object references.
2017-01-23 11:50:52.088 DEBUG content 35306 _a-0000de01-ed04-8000-9ccd-01ef9001ef90_41854 Processing reference: RulesFolder.forum
2017-01-23 11:50:52.088 DEBUG content 35306 _a-0000de01-ed04-8000-9ccd-01ef9001ef90_41854 Processing reference: RulesFolder.parent
2017-01-23 11:50:52.091 DEBUG content 35306 _a-0000de01-ed04-8000-9ccd-01ef9001ef90_41854 Processing reference: com.appiancorp.suiteapi.content.ContentRoleMap@108a1ce0[
  ContentRole[name=readers,inherit=true,allowForAll=false]
  ContentRole[name=authors,inherit=true,allowForAll=false]
  ContentRole[name=administrators,inherit=true,allowForAll=false]
  ContentRole[name=denyReaders,inherit=false,allowForAll=false]
  ContentRole[name=denyAuthors,inherit=false,allowForAll=false]
  ContentRole[name=denyAdministrators,inherit=false,allowForAll=false]
  securityVector=15:SEC_PUBLIC=true,SEC_CREATOR_ADMIN=false,SEC_INH_ADMIN=true,SEC_INH_EDITOR=true,SEC_INH_VIEWER=true,SEC_ALL_ADMIN=false,SEC_ALL_EDITOR=false,SEC_ALL_VIEWER=false
]
2017-01-23 11:50:52.091 DEBUG content 35306 _a-0000de01-ed04-8000-9ccd-01ef9001ef90_41854 Processing reference: ContentRole[name=readers,inherit=true,allowForAll=false]
2017-01-23 11:50:52.091 DEBUG content 35306 _a-0000de01-ed04-8000-9ccd-01ef9001ef90_41854 Processing reference: ContentRole[name=authors,inherit=true,allowForAll=false]
2017-01-23 11:50:52.091 DEBUG content 35306 _a-0000de01-ed04-8000-9ccd-01ef9001ef90_41854 Processing reference: ContentRole[name=administrators,inherit=true,allowForAll=false]
2017-01-23 11:50:52.091 DEBUG content 35306 _a-0000de01-ed04-8000-9ccd-01ef9001ef90_41854 Processing reference: ContentRole[name=denyReaders,inherit=false,allowForAll=false]
2017-01-23 11:50:52.091 DEBUG content 35306 _a-0000de01-ed04-8000-9ccd-01ef9001ef90_41854 Processing reference: ContentRole[name=denyAuthors,inherit=false,allowForAll=false]
2017-01-23 11:50:52.091 DEBUG content 35306 _a-0000de01-ed04-8000-9ccd-01ef9001ef90_41854 Processing reference: ContentRole[name=denyAdministrators,inherit=false,allowForAll=false]
2017-01-23 11:50:52.091 DEBUG content 35306 _a-0000de01-ed04-8000-9ccd-01ef9001ef90_41854 Exporting binary resources.
2017-01-23 11:50:52.091 DEBUG content 35306 _a-0000de01-ed04-8000-9ccd-01ef9001ef90_41854 Serializing object to XML.
2017-01-23 11:50:52.092 DEBUG content 35306 _a-0000de01-ed04-8000-9ccd-01ef9001ef90_41854 Object transported.
2017-01-23 11:50:52.092 DEBUG content 51767 _a-0000de01-ef91-8000-9ccd-01ef9001ef90_41855 Begin transport.
2017-01-23 11:50:52.092 DEBUG content 51767 _a-0000de01-ef91-8000-9ccd-01ef9001ef90_41855 Retrieving object data.
2017-01-23 11:50:52.104 DEBUG content 51767 _a-0000de01-ef91-8000-9ccd-01ef9001ef90_41855 Setting uuids of object references.
2017-01-23 11:50:52.104 DEBUG content 51767 _a-0000de01-ef91-8000-9ccd-01ef9001ef90_41855 Processing reference: [Content:id=35307,versionId=-1,name=Test1Addition,description=rule for add the two values,type=32,subtype=1,uuid=_a-0000de01-ef91-8000-9ccd-01ef9001ef90_41855,parent=35306,parentName=Test1,parentType=2,log=51767,logName=Test1Addition,state=255,visibility=35,security=15,creator=RinkuS,createdTimestamp=2017-01-19 07:39:39.0,updatedTimestamp=2017-01-19 07:39:40.0,size=0,lockedBy=,changesRequireApproval=false,attributes={dep_rules=[Ljava.lang.Long;@6687e519, system=0, preferredEditor=legacy, hidden=0, offlineEnabled=false, ruletype=1, dep_functions=[Ljava.lang.String;@11ed8f3b, definition=sum(ri!one,ri!two), dep_types=[Ljava.lang.String;@7f614451, metadataExpr=null, parameters=[Lcom.appiancorp.suiteapi.process.TypedVariable;@5a95ddfa, dep_variables=[[Ljava.lang.String;@363549c},partition=2,partitionName=D:/Apps/Appian/_admin/accdocs2]
2017-01-23 11:50:52.106 DEBUG content 51767 _a-0000de01-ef91-8000-9ccd-01ef9001ef90_41855 Processing reference: FreeformRule.forum
2017-01-23 11:50:52.106 DEBUG content 51767 _a-0000de01-ef91-8000-9ccd-01ef9001ef90_41855 Processing reference: TypedVariable[name=one,it=3,v=]
2017-01-23 11:50:52.107 DEBUG content 51767 _a-0000de01-ef91-8000-9ccd-01ef9001ef90_41855 Processing reference: TypedVariable[name=two,it=3,v=]
2017-01-23 11:50:52.108 DEBUG content 51767 _a-0000de01-ef91-8000-9ccd-01ef9001ef90_41855 Processing reference: FreeformRule.parent
2017-01-23 11:50:52.11 DEBUG content 51767 _a-0000de01-ef91-8000-9ccd-01ef9001ef90_41855 Processing reference: com.appiancorp.suiteapi.content.ContentRoleMap@37759020[
  ContentRole[name=readers,inherit=true,allowForAll=false]
  ContentRole[name=authors,inherit=true,allowForAll=false]
  ContentRole[name=administrators,inherit=true,allowForAll=false]
  ContentRole[name=denyReaders,inherit=false,allowForAll=false]
  ContentRole[name=denyAuthors,inherit=false,allowForAll=false]
  ContentRole[name=denyAdministrators,inherit=false,allowForAll=false]
  securityVector=15:SEC_PUBLIC=true,SEC_CREATOR_ADMIN=false,SEC_INH_ADMIN=true,SEC_INH_EDITOR=true,SEC_INH_VIEWER=true,SEC_ALL_ADMIN=false,SEC_ALL_EDITOR=false,SEC_ALL_VIEWER=false
]
2017-01-23 11:50:52.11 DEBUG content 51767 _a-0000de01-ef91-8000-9ccd-01ef9001ef90_41855 Processing reference: ContentRole[name=readers,inherit=true,allowForAll=false]
2017-01-23 11:50:52.11 DEBUG content 51767 _a-0000de01-ef91-8000-9ccd-01ef9001ef90_41855 Processing reference: ContentRole[name=authors,inherit=true,allowForAll=false]
2017-01-23 11:50:52.11 DEBUG content 51767 _a-0000de01-ef91-8000-9ccd-01ef9001ef90_41855 Processing reference: ContentRole[name=administrators,inherit=true,allowForAll=false]
2017-01-23 11:50:52.11 DEBUG content 51767 _a-0000de01-ef91-8000-9ccd-01ef9001ef90_41855 Processing reference: ContentRole[name=denyReaders,inherit=false,allowForAll=false]
2017-01-23 11:50:52.11 DEBUG content 51767 _a-0000de01-ef91-8000-9ccd-01ef9001ef90_41855 Processing reference: ContentRole[name=denyAuthors,inherit=false,allowForAll=false]
2017-01-23 11:50:52.11 DEBUG content 51767 _a-0000de01-ef91-8000-9ccd-01ef9001ef90_41855 Processing reference: ContentRole[name=denyAdministrators,inherit=false,allowForAll=false]
2017-01-23 11:50:52.11 DEBUG content 51767 _a-0000de01-ef91-8000-9ccd-01ef9001ef90_41855 Exporting binary resources.
2017-01-23 11:50:52.11 DEBUG content 51767 _a-0000de01-ef91-8000-9ccd-01ef9001ef90_41855 Serializing object to XML.
2017-01-23 11:50:52.119 DEBUG content 51767 _a-0000de01-ef91-8000-9ccd-01ef9001ef90_41855 Object transported.
2017-01-23 11:50:52.119 DEBUG content 51768 _a-0000de01-ef91-8000-9ccd-01ef9001ef90_41871 Begin transport.
2017-01-23 11:50:52.119 DEBUG content 51768 _a-0000de01-ef91-8000-9ccd-01ef9001ef90_41871 Retrieving object data.
2017-01-23 11:50:52.126 DEBUG content 51768 _a-0000de01-ef91-8000-9ccd-01ef9001ef90_41871 Setting uuids of object references.
2017-01-23 11:50:52.126 DEBUG content 51768 _a-0000de01-ef91-8000-9ccd-01ef9001ef90_41871 Processing reference: [Content:id=35323,versionId=-1,name=contcat,description=rule for concat,type=32,subtype=1,uuid=_a-0000de01-ef91-8000-9ccd-01ef9001ef90_41871,parent=35306,parentName=Test1,parentType=2,log=51768,logName=contcat,state=255,visibility=35,security=15,creator=RinkuS,createdTimestamp=2017-01-19 07:39:40.0,updatedTimestamp=2017-01-19 07:39:40.0,size=0,lockedBy=,changesRequireApproval=false,attributes={dep_rules=[Ljava.lang.Long;@1a8aa2d2, system=0, preferredEditor=legacy, hidden=0, offlineEnabled=false, ruletype=1, dep_functions=[Ljava.lang.String;@3f8aa1bd, definition=concat(12,12), dep_types=[Ljava.lang.String;@49657ed4, metadataExpr=null, parameters=[Lcom.appiancorp.suiteapi.process.TypedVariable;@38d67b5, dep_variables=[[Ljava.lang.String;@4cdec924},partition=3,partitionName=D:/Apps/Appian/_admin/accdocs3]
2017-01-23 11:50:52.126 DEBUG content 51768 _a-0000de01-ef91-8000-9ccd-01ef9001ef90_41871 Processing reference: FreeformRule.forum
2017-01-23 11:50:52.127 DEBUG content 51768 _a-0000de01-ef91-8000-9ccd-01ef9001ef90_41871 Processing reference: FreeformRule.parent
2017-01-23 11:50:52.128 DEBUG content 51768 _a-0000de01-ef91-8000-9ccd-01ef9001ef90_41871 Processing reference: com.appiancorp.suiteapi.content.ContentRoleMap@59edf150[
  ContentRole[name=readers,inherit=true,allowForAll=false]
  ContentRole[name=authors,inherit=true,allowForAll=false]
  ContentRole[name=administrators,inherit=true,allowForAll=false]
  ContentRole[name=denyReaders,inherit=false,allowForAll=false]
  ContentRole[name=denyAuthors,inherit=false,allowForAll=false]
  ContentRole[name=denyAdministrators,inherit=false,allowForAll=false]
  securityVector=15:SEC_PUBLIC=true,SEC_CREATOR_ADMIN=false,SEC_INH_ADMIN=true,SEC_INH_EDITOR=true,SEC_INH_VIEWER=true,SEC_ALL_ADMIN=false,SEC_ALL_EDITOR=false,SEC_ALL_VIEWER=false
]
2017-01-23 11:50:52.128 DEBUG content 51768 _a-0000de01-ef91-8000-9ccd-01ef9001ef90_41871 Processing reference: ContentRole[name=readers,inherit=true,allowForAll=false]
2017-01-23 11:50:52.129 DEBUG content 51768 _a-0000de01-ef91-8000-9ccd-01ef9001ef90_41871 Processing reference: ContentRole[name=authors,inherit=true,allowForAll=false]
2017-01-23 11:50:52.129 DEBUG content 51768 _a-0000de01-ef91-8000-9ccd-01ef9001ef90_41871 Processing reference: ContentRole[name=administrators,inherit=true,allowForAll=false]
2017-01-23 11:50:52.129 DEBUG content 51768 _a-0000de01-ef91-8000-9ccd-01ef9001ef90_41871 Processing reference: ContentRole[name=denyReaders,inherit=false,allowForAll=false]
2017-01-23 11:50:52.129 DEBUG content 51768 _a-0000de01-ef91-8000-9ccd-01ef9001ef90_41871 Processing reference: ContentRole[name=denyAuthors,inherit=false,allowForAll=false]
2017-01-23 11:50:52.129 DEBUG content 51768 _a-0000de01-ef91-8000-9ccd-01ef9001ef90_41871 Processing reference: ContentRole[name=denyAdministrators,inherit=false,allowForAll=false]
2017-01-23 11:50:52.129 DEBUG content 51768 _a-0000de01-ef91-8000-9ccd-01ef9001ef90_41871 Exporting binary resources.
2017-01-23 11:50:52.129 DEBUG content 51768 _a-0000de01-ef91-8000-9ccd-01ef9001ef90_41871 Serializing object to XML.
2017-01-23 11:50:52.13 DEBUG content 51768 _a-0000de01-ef91-8000-9ccd-01ef9001ef90_41871 Object transported.
2017-01-23 11:50:52.13 DEBUG content 51769 _a-0000de2e-ccd6-8000-9ccd-01ef9001ef90_60933 Begin transport.
2017-01-23 11:50:52.13 DEBUG content 51769 _a-0000de2e-ccd6-8000-9ccd-01ef9001ef90_60933 Retrieving object data.
2017-01-23 11:50:52.139 DEBUG content 51769 _a-0000de2e-ccd6-8000-9ccd-01ef9001ef90_60933 Setting uuids of object references.
2017-01-23 11:50:52.14 DEBUG content 51769 _a-0000de2e-ccd6-8000-9ccd-01ef9001ef90_60933 Processing reference: [Content:id=51420,versionId=-1,name=TestInterfaceforAddValue,description=this rule used for add value,type=32,subtype=1,uuid=_a-0000de2e-ccd6-8000-9ccd-01ef9001ef90_60933,parent=35303,parentName=Test1Folder,parentType=2,log=51769,logName=TestInterfaceforAddValue,state=255,visibility=35,security=15,creator=RinkuS,createdTimestamp=2017-01-19 07:39:40.0,updatedTimestamp=2017-01-19 07:39:40.0,size=0,lockedBy=,changesRequireApproval=false,attributes={dep_rules=[Ljava.lang.Long;@7598b77e, system=0, preferredEditor=interface, hidden=0, offlineEnabled=false, ruletype=1, dep_functions=[Ljava.lang.String;@703a6c00, definition==#"SYSTEM_SYSRULES_formLayout"(
  label: "Lorem Ipsum",
  instructions: "Lorem Ipsum",
  firstColumnContents: {
    #"SYSTEM_SYSRULES_textField"(
      label: "Lorem Ipsum",
      labelPosition: "ABOVE",
      saveInto: {},
      refreshAfter: "UNFOCUS",
      validations: {}
    )
  },
  secondColumnContents: {
    /* Add components here for a two-column form */
  },
  buttons: #"SYSTEM_SYSRULES_ButtonLayout"(
    primaryButtons: {
      #"SYSTEM_SYSRULES_ButtonWidgetSubmit"(
        label: "Submit",
        style: "PRIMARY",
        saveInto: {}
      )
    },
    secondaryButtons: {
      #"SYSTEM_SYSRULES_ButtonWidgetSubmit"(
        label: "Cancel",
        style: "NORMAL",
        value: true,
        saveInto: ri!cancel,
        skipValidation: true
      )
    }
  ),
  validations: {}
), dep_types=[Ljava.lang.String;@172b6ded, metadataExpr=null, parameters=[Lcom.appiancorp.suiteapi.process.TypedVariable;@c9c2027, dep_variables=[[Ljava.lang.String;@3c8f558d},partition=1,partitionName=D:/Apps/Appian/_admin/accdocs1]
2017-01-23 11:50:52.14 DEBUG content 51769 _a-0000de2e-ccd6-8000-9ccd-01ef9001ef90_60933 Processing reference: FreeformRule.forum
2017-01-23 11:50:52.141 DEBUG content 51769 _a-0000de2e-ccd6-8000-9ccd-01ef9001ef90_60933 Processing reference: TypedVariable[name=cancel,it=26,v=<null>]
2017-01-23 11:50:52.141 DEBUG content 51769 _a-0000de2e-ccd6-8000-9ccd-01ef9001ef90_60933 Processing reference: FreeformRule.parent
2017-01-23 11:50:52.143 DEBUG content 51769 _a-0000de2e-ccd6-8000-9ccd-01ef9001ef90_60933 Processing reference: com.appiancorp.suiteapi.content.ContentRoleMap@31126ecf[
  ContentRole[name=readers,inherit=true,allowForAll=false]
  ContentRole[name=authors,inherit=true,allowForAll=false]
  ContentRole[name=administrators,inherit=true,allowForAll=false]
  ContentRole[name=denyReaders,inherit=false,allowForAll=false]
  ContentRole[name=denyAuthors,inherit=false,allowForAll=false]
  ContentRole[name=denyAdministrators,inherit=false,allowForAll=false]
  securityVector=15:SEC_PUBLIC=true,SEC_CREATOR_ADMIN=false,SEC_INH_ADMIN=true,SEC_INH_EDITOR=true,SEC_INH_VIEWER=true,SEC_ALL_ADMIN=false,SEC_ALL_EDITOR=false,SEC_ALL_VIEWER=false
]
2017-01-23 11:50:52.143 DEBUG content 51769 _a-0000de2e-ccd6-8000-9ccd-01ef9001ef90_60933 Processing reference: ContentRole[name=readers,inherit=true,allowForAll=false]
2017-01-23 11:50:52.143 DEBUG content 51769 _a-0000de2e-ccd6-8000-9ccd-01ef9001ef90_60933 Processing reference: ContentRole[name=authors,inherit=true,allowForAll=false]
2017-01-23 11:50:52.143 DEBUG content 51769 _a-0000de2e-ccd6-8000-9ccd-01ef9001ef90_60933 Processing reference: ContentRole[name=administrators,inherit=true,allowForAll=false]
2017-01-23 11:50:52.143 DEBUG content 51769 _a-0000de2e-ccd6-8000-9ccd-01ef9001ef90_60933 Processing reference: ContentRole[name=denyReaders,inherit=false,allowForAll=false]
2017-01-23 11:50:52.143 DEBUG content 51769 _a-0000de2e-ccd6-8000-9ccd-01ef9001ef90_60933 Processing reference: ContentRole[name=denyAuthors,inherit=false,allowForAll=false]
2017-01-23 11:50:52.143 DEBUG content 51769 _a-0000de2e-ccd6-8000-9ccd-01ef9001ef90_60933 Processing reference: ContentRole[name=denyAdministrators,inherit=false,allowForAll=false]
2017-01-23 11:50:52.143 DEBUG content 51769 _a-0000de2e-ccd6-8000-9ccd-01ef9001ef90_60933 Exporting binary resources.
2017-01-23 11:50:52.143 DEBUG content 51769 _a-0000de2e-ccd6-8000-9ccd-01ef9001ef90_60933 Serializing object to XML.
2017-01-23 11:50:52.147 DEBUG content 51769 _a-0000de2e-ccd6-8000-9ccd-01ef9001ef90_60933 Object transported.
2017-01-23 11:50:52.149 DEBUG processModelFolder 71 _g-0001de01-e92c-8000-9ccd-014d98014d98_73 Begin transport.
2017-01-23 11:50:52.149 DEBUG processModelFolder 71 _g-0001de01-e92c-8000-9ccd-014d98014d98_73 Retrieving object data.
2017-01-23 11:50:52.152 DEBUG processModelFolder 71 _g-0001de01-e92c-8000-9ccd-014d98014d98_73 Setting uuids of object references.
2017-01-23 11:50:52.155 DEBUG processModelFolder 71 _g-0001de01-e92c-8000-9ccd-014d98014d98_73 Processing reference: ProcessModelFolder.parentFolderId
2017-01-23 11:50:52.156 DEBUG processModelFolder 71 _g-0001de01-e92c-8000-9ccd-014d98014d98_73 Processing reference: com.appiancorp.suiteapi.process.ProcessRoleMap@7e33d93f[
  Role[name=ADMIN_OWNER]
  Role[name=EDITOR]
  Role[name=EXPLICIT_NONMEMBER]
  Role[name=VIEWER]
  Role[name=MANAGER]
  Role[name=INITIATOR]
]
2017-01-23 11:50:52.156 DEBUG processModelFolder 71 _g-0001de01-e92c-8000-9ccd-014d98014d98_73 Processing reference: Role[name=ADMIN_OWNER]
2017-01-23 11:50:52.156 DEBUG processModelFolder 71 _g-0001de01-e92c-8000-9ccd-014d98014d98_73 Processing reference: Role[name=EDITOR]
2017-01-23 11:50:52.156 DEBUG processModelFolder 71 _g-0001de01-e92c-8000-9ccd-014d98014d98_73 Processing reference: Role[name=EXPLICIT_NONMEMBER]
2017-01-23 11:50:52.156 DEBUG processModelFolder 71 _g-0001de01-e92c-8000-9ccd-014d98014d98_73 Processing reference: Role[name=VIEWER]
2017-01-23 11:50:52.156 DEBUG processModelFolder 71 _g-0001de01-e92c-8000-9ccd-014d98014d98_73 Processing reference: Role[name=MANAGER]
2017-01-23 11:50:52.156 DEBUG processModelFolder 71 _g-0001de01-e92c-8000-9ccd-014d98014d98_73 Processing reference: Role[name=INITIATOR]
2017-01-23 11:50:52.156 DEBUG processModelFolder 71 _g-0001de01-e92c-8000-9ccd-014d98014d98_73 Exporting binary resources.
2017-01-23 11:50:52.156 DEBUG processModelFolder 71 _g-0001de01-e92c-8000-9ccd-014d98014d98_73 Serializing object to XML.
2017-01-23 11:50:52.157 DEBUG processModelFolder 71 _g-0001de01-e92c-8000-9ccd-014d98014d98_73 Object transported.
2017-01-23 11:50:52.159 DEBUG processModel 4180 0002de01-f0be-8000-9ccd-014d98014d98 Begin transport.
2017-01-23 11:50:52.159 DEBUG processModel 4180 0002de01-f0be-8000-9ccd-014d98014d98 Retrieving object data.
2017-01-23 11:50:52.179 DEBUG processModel 4180 0002de01-f0be-8000-9ccd-014d98014d98 Setting uuids of object references.
2017-01-23 11:50:52.179 DEBUG processModel 4180 0002de01-f0be-8000-9ccd-014d98014d98 Processing reference: ProcessModelHaul.folderId
2017-01-23 11:50:52.18 DEBUG processModel 4180 0002de01-f0be-8000-9ccd-014d98014d98 Processing reference: ProcessModelHaul.modelDashboardPageId
2017-01-23 11:50:52.18 DEBUG processModel 4180 0002de01-f0be-8000-9ccd-014d98014d98 Processing reference: ProcessModelHaul.processDashboardPageId
2017-01-23 11:50:52.18 DEBUG processModel 4180 0002de01-f0be-8000-9ccd-014d98014d98 Processing reference: ProcessModel.emailAttachmentFolderId
2017-01-23 11:50:52.181 DEBUG processModel 4180 0002de01-f0be-8000-9ccd-014d98014d98 Processing reference: ActivityClassParameter[name=pmID,it=23,v=<null>]
2017-01-23 11:50:52.181 DEBUG processModel 4180 0002de01-f0be-8000-9ccd-014d98014d98 Processing reference: ActivityClassParameter[name=inMap,it=111,v={}]
2017-01-23 11:50:52.181 DEBUG processModel 4180 0002de01-f0be-8000-9ccd-014d98014d98 Processing reference: ActivityClassParameter[name=procInheritsPriority,it=1,v=1]
2017-01-23 11:50:52.182 DEBUG processModel 4180 0002de01-f0be-8000-9ccd-014d98014d98 Processing reference: ActivityClassParameter[name=pmUUID,it=3,v=]
2017-01-23 11:50:52.182 DEBUG processModel 4180 0002de01-f0be-8000-9ccd-014d98014d98 Processing reference: ActivityClassParameter[name=isAsynchronous,it=26,v=1]
2017-01-23 11:50:52.182 DEBUG processModel 4180 0002de01-f0be-8000-9ccd-014d98014d98 Processing reference: ActivityClassParameter[name=isTransparent,it=26,v=1]
2017-01-23 11:50:52.182 DEBUG processModel 4180 0002de01-f0be-8000-9ccd-014d98014d98 Processing reference: ActivityClassParameter[name=inheritSecurity,it=26,v=0]
2017-01-23 11:50:52.182 DEBUG processModel 4180 0002de01-f0be-8000-9ccd-014d98014d98 Processing reference: com.appiancorp.suiteapi.process.ProcessRoleMap@32d00537[
  Role[name=ADMIN_OWNER]
  Role[name=EDITOR]
  Role[name=EXPLICIT_NONMEMBER]
  Role[name=VIEWER]
  Role[name=MANAGER]
  Role[name=INITIATOR]
]
2017-01-23 11:50:52.182 DEBUG processModel 4180 0002de01-f0be-8000-9ccd-014d98014d98 Processing reference: Role[name=ADMIN_OWNER]
2017-01-23 11:50:52.182 DEBUG processModel 4180 0002de01-f0be-8000-9ccd-014d98014d98 Processing reference: Role[name=EDITOR]
2017-01-23 11:50:52.182 DEBUG processModel 4180 0002de01-f0be-8000-9ccd-014d98014d98 Processing reference: Role[name=EXPLICIT_NONMEMBER]
2017-01-23 11:50:52.182 DEBUG processModel 4180 0002de01-f0be-8000-9ccd-014d98014d98 Processing reference: Role[name=VIEWER]
2017-01-23 11:50:52.182 DEBUG processModel 4180 0002de01-f0be-8000-9ccd-014d98014d98 Processing reference: Role[name=MANAGER]
2017-01-23 11:50:52.182 DEBUG processModel 4180 0002de01-f0be-8000-9ccd-014d98014d98 Processing reference: Role[name=INITIATOR]
2017-01-23 11:50:52.182 DEBUG processModel 4180 0002de01-f0be-8000-9ccd-014d98014d98 Exporting binary resources.
2017-01-23 11:50:52.182 DEBUG processModel 4180 0002de01-f0be-8000-9ccd-014d98014d98 Serializing object to XML.
2017-01-23 11:50:52.202 DEBUG processModel 4180 0002de01-f0be-8000-9ccd-014d98014d98 Object transported.
2017-01-23 11:50:52.202 DEBUG application 35302 _a-0000de01-e92b-8000-9ccd-01ef9001ef90_41850 Exporting binary resources.
2017-01-23 11:50:52.202 DEBUG application 35302 _a-0000de01-e92b-8000-9ccd-01ef9001ef90_41850 Serializing object to XML.
2017-01-23 11:50:52.205 DEBUG application 35302 _a-0000de01-e92b-8000-9ccd-01ef9001ef90_41850 Object transported.
